'S-39';'Source S-39 failed to extract cause of: [Errno 2] No such file or directory: ''config/2023/in/data/staging/S-39.xlsx'''
'S-45';'Source S-45 failed to extract cause of: [Errno 2] No such file or directory: ''config/2023/in/data/staging/S-45.xlsx'''
'S-53';'Source S-53 failed to extract cause of: There are duplicated countries in the defined dimension-subgroup dataframe.'
'S-60';'Source S-60 failed to extract cause of: [Errno 2] No such file or directory: ''config/2023/in/data/staging/S-60.xlsx'''
'S-61';'Source S-61 failed to extract cause of: [Errno 2] No such file or directory: ''config/2023/in/data/staging/S-61.xlsx'''
'S-84';'Source S-84 failed to extract cause of: The source has not provided any data  '
'S-86';'Source S-86 failed to extract cause of: There are duplicated countries in the defined dimension-subgroup dataframe.'
'S-87';'Source S-87 failed to extract cause of: There are duplicated countries in the defined dimension-subgroup dataframe.'
'S-89';'Source S-89 failed to extract cause of: Unable to parse string "VALUE WITHOUT MAPPING - PLEASE MAP" at position 167'
'S-90';'Source S-90 failed to extract cause of: Unable to parse string "VALUE WITHOUT MAPPING - PLEASE MAP" at position 0'
'S-94';'Source S-94 failed to extract cause of: [Errno 2] No such file or directory: ''config/2023/in/data/staging/S-94.xlsx'''
'S-95';'Source S-95 failed to extract cause of: [Errno 2] No such file or directory: ''config/2023/in/data/staging/S-95.xlsx'''
'S-96';'Source S-96 failed to extract cause of: [Errno 2] No such file or directory: ''config/2023/in/data/staging/S-96.xlsx'''
'S-100';'Source S-100 failed to extract cause of: [Errno 2] No such file or directory: ''config/2023/in/data/staging/S-100.xlsx'''
'S-103';'Source S-103 failed to extract cause of: Columns must be same length as key'
'S-104';'Source S-104 failed to extract cause of: For S-104 no download method defined'
'S-122';'Source S-122 failed to extract cause of: Unable to parse string "VALUE WITHOUT MAPPING - PLEASE MAP" at position 0'
'S-129';'Source S-129 failed to extract cause of: [Errno 2] No such file or directory: ''config/2023/in/data/staging/S-129.xlsx'''
'S-131';'Source S-131 failed to extract cause of: [Errno 2] No such file or directory: ''config/2023/in/data/staging/S-131.xlsx'''
'S-132';'Source S-132 failed to extract cause of: [Errno 2] No such file or directory: ''config/2023/in/data/staging/S-132.xlsx'''
'S-133';'Source S-133 failed to extract cause of: [Errno 2] No such file or directory: ''config/2023/in/data/staging/S-133.xlsx'''
'S-134';'Source S-134 failed to extract cause of: [Errno 2] No such file or directory: ''config/2023/in/data/staging/S-134.xlsx'''
'S-135';'Source S-135 failed to extract cause of: [Errno 2] No such file or directory: ''config/2023/in/data/staging/S-135.xlsx'''
'S-140';'Source S-140 failed to extract cause of: ''Year'''
'S-143';'Source S-143 failed to extract cause of: The source has not provided any data  '
'S-148';'Source S-148 failed to extract cause of: [Errno 2] No such file or directory: ''config/2023/in/data/staging/S-148.xlsx'''
'S-163';'Source S-163 failed to extract cause of: "[''Conflict New Displacements''] not in index"'
'S-167';'Source S-167 failed to extract cause of: You are trying to merge on object and int64 columns. If you wish to proceed you should use pd.concat'
'S-168';'Source S-168 failed to extract cause of: You are trying to merge on object and int64 columns. If you wish to proceed you should use pd.concat'
'S-169';'Source S-169 failed to extract cause of: You are trying to merge on object and int64 columns. If you wish to proceed you should use pd.concat'
'S-170';'Source S-170 failed to extract cause of: You are trying to merge on object and int64 columns. If you wish to proceed you should use pd.concat'
'S-171';'Source S-171 failed to extract cause of: "[''Disaster New Displacements''] not in index"'
'S-182';'Source S-182 failed to extract cause of: There are duplicated countries in the defined dimension-subgroup dataframe.'
'S-183';'Source S-183 failed to extract cause of: The source has not provided any data  '
'S-191';'Source S-191 failed to extract cause of: list index out of range'
'S-192';'Source S-192 failed to extract cause of: [Errno 2] No such file or directory: ''config/2023/in/data/staging/S-192.xlsx'''
'S-195';'Source S-195 failed to extract cause of: division by zero'
'S-196';'Source S-196 failed to extract cause of: division by zero'
'S-212';'Source S-212 failed to extract cause of: [Errno 2] No such file or directory: ''config/2023/in/data/staging/S-212.xlsx'''
'S-213';'Source S-213 failed to extract cause of: Unable to parse string "VALUE WITHOUT MAPPING - PLEASE MAP" at position 0'
'S-214';'Source S-214 failed to extract cause of: [Errno 2] No such file or directory: ''config/2023/in/data/staging/S-214.xlsx'''
'S-215';'Source S-215 failed to extract cause of: [Errno 2] No such file or directory: ''config/2023/in/data/staging/S-215.xlsx'''
'S-217';'Source S-217 failed to extract cause of: [Errno 2] No such file or directory: ''config/2023/in/data/staging/S-217.xlsx'''
'S-11';'Source S-11 failed to extract cause of: ''[None] not in index'''
'S-14';'Source S-14 failed to extract cause of: [Errno 2] No such file or directory: ''config/2023/in/data/raw/S-21-total-HIZkLiYK.xlsx'''
'S-35';'Source S-35 failed to extract cause of: ''RAW_OBS_VALUE'''
'S-36';'Source S-36 failed to extract cause of: ''RAW_OBS_VALUE'''
'S-37';'Source S-37 failed to extract cause of: "[''sh_covered''] not in index"'
'S-51';'Source S-51 failed to extract cause of: [Errno 2] No such file or directory: ''config/2023/in/data/raw/S-60_FINAL-GSI-2018-DATA-G20-AND-FISHING-1597151668.xlsx'''
'S-97';'Source S-97 failed to extract cause of: ''[None] not in index'''
'S-101';'Source S-101 failed to extract cause of: ''[None] not in index'''
'S-117';'Source S-117 failed to extract cause of: ''[None] not in index'''
'S-136';'Source S-136 failed to extract cause of: [Errno 2] No such file or directory: ''config/2023/in/data/raw/S-153_ndc_content.csv'''
'S-142';'Source S-142 failed to extract cause of: [Errno 2] No such file or directory: ''config/2023/in/data/raw/S-159_ghg-emissions.csv'''
'S-150';'Source S-150 failed to extract cause of: [Errno 2] No such file or directory: ''config/2023/in/data/raw/S_167_Pct_IP_CommunityLands/Pct_IP_CommunityLands_20170623.xls'''
'S-208';'Source S-208 failed to extract cause of: ''[None] not in index'''
'S-150';'Source S-150 failed to extract cause of: [Errno 2] No such file or directory: ''config/2023/in/data/../../2020/raw/S_167_Pct_IP_CommunityLands/Pct_IP_CommunityLands_20170623.xls'''
'S-142';'Source S-142 failed to extract cause of: [Errno 2] No such file or directory: ''config/2023/in/data/raw/S-159_ghg-emissions.csv'''
'S-142';'Source S-142 failed to extract cause of: [Errno 2] No such file or directory: ''config/2023/in/data/raw/S-159_ghg-emissions.csv'''
'S-142';'Source S-142 failed to extract cause of: Unable to parse string "false" at position 54'
'S-168';'Source S-168 failed to extract cause of: You are trying to merge on object and int64 columns. If you wish to proceed you should use pd.concat'
'S-39';'Source S-39 failed to extract cause of: [Errno 2] No such file or directory: ''config/2023/in/data/staging/S-39.xlsx'''
'S-45';'Source S-45 failed to extract cause of: [Errno 2] No such file or directory: ''config/2023/in/data/staging/S-45.xlsx'''
'S-53';'Source S-53 failed to extract cause of: There are duplicated countries in the defined dimension-subgroup dataframe.'
'S-60';'Source S-60 failed to extract cause of: [Errno 2] No such file or directory: ''config/2023/in/data/staging/S-60.xlsx'''
'S-61';'Source S-61 failed to extract cause of: [Errno 2] No such file or directory: ''config/2023/in/data/staging/S-61.xlsx'''
'S-84';'Source S-84 failed to extract cause of: The source has not provided any data  '
'S-86';'Source S-86 failed to extract cause of: There are duplicated countries in the defined dimension-subgroup dataframe.'
'S-87';'Source S-87 failed to extract cause of: There are duplicated countries in the defined dimension-subgroup dataframe.'
'S-89';'Source S-89 failed to extract cause of: Unable to parse string "VALUE WITHOUT MAPPING - PLEASE MAP" at position 167'
'S-90';'Source S-90 failed to extract cause of: Unable to parse string "VALUE WITHOUT MAPPING - PLEASE MAP" at position 0'
'S-94';'Source S-94 failed to extract cause of: [Errno 2] No such file or directory: ''config/2023/in/data/staging/S-94.xlsx'''
'S-95';'Source S-95 failed to extract cause of: [Errno 2] No such file or directory: ''config/2023/in/data/staging/S-95.xlsx'''
'S-96';'Source S-96 failed to extract cause of: [Errno 2] No such file or directory: ''config/2023/in/data/staging/S-96.xlsx'''
'S-100';'Source S-100 failed to extract cause of: [Errno 2] No such file or directory: ''config/2023/in/data/staging/S-100.xlsx'''
'S-103';'Source S-103 failed to extract cause of: Columns must be same length as key'
'S-104';'Source S-104 failed to extract cause of: For S-104 no download method defined'
'S-122';'Source S-122 failed to extract cause of: Unable to parse string "VALUE WITHOUT MAPPING - PLEASE MAP" at position 0'
'S-129';'Source S-129 failed to extract cause of: [Errno 2] No such file or directory: ''config/2023/in/data/staging/S-129.xlsx'''
'S-131';'Source S-131 failed to extract cause of: [Errno 2] No such file or directory: ''config/2023/in/data/staging/S-131.xlsx'''
'S-132';'Source S-132 failed to extract cause of: [Errno 2] No such file or directory: ''config/2023/in/data/staging/S-132.xlsx'''
'S-133';'Source S-133 failed to extract cause of: [Errno 2] No such file or directory: ''config/2023/in/data/staging/S-133.xlsx'''
'S-134';'Source S-134 failed to extract cause of: [Errno 2] No such file or directory: ''config/2023/in/data/staging/S-134.xlsx'''
'S-135';'Source S-135 failed to extract cause of: [Errno 2] No such file or directory: ''config/2023/in/data/staging/S-135.xlsx'''
'S-140';'Source S-140 failed to extract cause of: ''Year'''
'S-143';'Source S-143 failed to extract cause of: The source has not provided any data  '
'S-148';'Source S-148 failed to extract cause of: [Errno 2] No such file or directory: ''config/2023/in/data/staging/S-148.xlsx'''
'S-163';'Source S-163 failed to extract cause of: "[''Conflict New Displacements''] not in index"'
'S-167';'Source S-167 failed to extract cause of: You are trying to merge on object and int64 columns. If you wish to proceed you should use pd.concat'
'S-168';'Source S-168 failed to extract cause of: You are trying to merge on object and int64 columns. If you wish to proceed you should use pd.concat'
'S-169';'Source S-169 failed to extract cause of: You are trying to merge on object and int64 columns. If you wish to proceed you should use pd.concat'
'S-170';'Source S-170 failed to extract cause of: You are trying to merge on object and int64 columns. If you wish to proceed you should use pd.concat'
'S-171';'Source S-171 failed to extract cause of: "[''Disaster New Displacements''] not in index"'
'S-182';'Source S-182 failed to extract cause of: There are duplicated countries in the defined dimension-subgroup dataframe.'
'S-183';'Source S-183 failed to extract cause of: The source has not provided any data  '
'S-191';'Source S-191 failed to extract cause of: list index out of range'
'S-192';'Source S-192 failed to extract cause of: [Errno 2] No such file or directory: ''config/2023/in/data/staging/S-192.xlsx'''
'S-195';'Source S-195 failed to extract cause of: division by zero'
'S-196';'Source S-196 failed to extract cause of: division by zero'
'S-212';'Source S-212 failed to extract cause of: [Errno 2] No such file or directory: ''config/2023/in/data/staging/S-212.xlsx'''
'S-213';'Source S-213 failed to extract cause of: Unable to parse string "VALUE WITHOUT MAPPING - PLEASE MAP" at position 0'
'S-214';'Source S-214 failed to extract cause of: [Errno 2] No such file or directory: ''config/2023/in/data/staging/S-214.xlsx'''
'S-215';'Source S-215 failed to extract cause of: [Errno 2] No such file or directory: ''config/2023/in/data/staging/S-215.xlsx'''
'S-217';'Source S-217 failed to extract cause of: [Errno 2] No such file or directory: ''config/2023/in/data/staging/S-217.xlsx'''
'S-11';'Source S-11 failed to extract cause of: ''[None] not in index'''
'S-14';'Source S-14 failed to extract cause of: [Errno 2] No such file or directory: ''config/2023/in/data/raw/S-21-total-HIZkLiYK.xlsx'''
'S-35';'Source S-35 failed to extract cause of: ''RAW_OBS_VALUE'''
'S-36';'Source S-36 failed to extract cause of: ''RAW_OBS_VALUE'''
'S-37';'Source S-37 failed to extract cause of: "[''sh_covered''] not in index"'
'S-51';'Source S-51 failed to extract cause of: [Errno 2] No such file or directory: ''config/2023/in/data/raw/S-60_FINAL-GSI-2018-DATA-G20-AND-FISHING-1597151668.xlsx'''
'S-97';'Source S-97 failed to extract cause of: ''[None] not in index'''
'S-101';'Source S-101 failed to extract cause of: ''[None] not in index'''
'S-117';'Source S-117 failed to extract cause of: ''[None] not in index'''
'S-136';'Source S-136 failed to extract cause of: [Errno 2] No such file or directory: ''config/2023/in/data/raw/S-153_ndc_content.csv'''
'S-142';'Source S-142 failed to extract cause of: Unable to parse string "false" at position 54'
'S-208';'Source S-208 failed to extract cause of: ''[None] not in index'''
'S-39';'Source S-39 failed to extract cause of: [Errno 2] No such file or directory: ''config/2023/in/data/staging/S-39.xlsx'''
'S-45';'Source S-45 failed to extract cause of: [Errno 2] No such file or directory: ''config/2023/in/data/staging/S-45.xlsx'''
'S-53';'Source S-53 failed to extract cause of: There are duplicated countries in the defined dimension-subgroup dataframe.'
'S-60';'Source S-60 failed to extract cause of: [Errno 2] No such file or directory: ''config/2023/in/data/staging/S-60.xlsx'''
'S-61';'Source S-61 failed to extract cause of: [Errno 2] No such file or directory: ''config/2023/in/data/staging/S-61.xlsx'''
'S-84';'Source S-84 failed to extract cause of: The source has not provided any data  '
'S-86';'Source S-86 failed to extract cause of: There are duplicated countries in the defined dimension-subgroup dataframe.'
'S-87';'Source S-87 failed to extract cause of: There are duplicated countries in the defined dimension-subgroup dataframe.'
'S-89';'Source S-89 failed to extract cause of: Unable to parse string "VALUE WITHOUT MAPPING - PLEASE MAP" at position 167'
'S-90';'Source S-90 failed to extract cause of: Unable to parse string "VALUE WITHOUT MAPPING - PLEASE MAP" at position 0'
'S-94';'Source S-94 failed to extract cause of: [Errno 2] No such file or directory: ''config/2023/in/data/staging/S-94.xlsx'''
'S-95';'Source S-95 failed to extract cause of: [Errno 2] No such file or directory: ''config/2023/in/data/staging/S-95.xlsx'''
'S-96';'Source S-96 failed to extract cause of: [Errno 2] No such file or directory: ''config/2023/in/data/staging/S-96.xlsx'''
'S-100';'Source S-100 failed to extract cause of: [Errno 2] No such file or directory: ''config/2023/in/data/staging/S-100.xlsx'''
'S-103';'Source S-103 failed to extract cause of: Columns must be same length as key'
'S-104';'Source S-104 failed to extract cause of: For S-104 no download method defined'
'S-122';'Source S-122 failed to extract cause of: Unable to parse string "VALUE WITHOUT MAPPING - PLEASE MAP" at position 0'
'S-129';'Source S-129 failed to extract cause of: [Errno 2] No such file or directory: ''config/2023/in/data/staging/S-129.xlsx'''
'S-131';'Source S-131 failed to extract cause of: [Errno 2] No such file or directory: ''config/2023/in/data/staging/S-131.xlsx'''
'S-132';'Source S-132 failed to extract cause of: [Errno 2] No such file or directory: ''config/2023/in/data/staging/S-132.xlsx'''
'S-133';'Source S-133 failed to extract cause of: [Errno 2] No such file or directory: ''config/2023/in/data/staging/S-133.xlsx'''
'S-134';'Source S-134 failed to extract cause of: [Errno 2] No such file or directory: ''config/2023/in/data/staging/S-134.xlsx'''
'S-135';'Source S-135 failed to extract cause of: [Errno 2] No such file or directory: ''config/2023/in/data/staging/S-135.xlsx'''
'S-140';'Source S-140 failed to extract cause of: ''Year'''
'S-143';'Source S-143 failed to extract cause of: The source has not provided any data  '
'S-148';'Source S-148 failed to extract cause of: [Errno 2] No such file or directory: ''config/2023/in/data/staging/S-148.xlsx'''
'S-163';'Source S-163 failed to extract cause of: "[''Conflict New Displacements''] not in index"'
'S-167';'Source S-167 failed to extract cause of: You are trying to merge on object and int64 columns. If you wish to proceed you should use pd.concat'
'S-168';'Source S-168 failed to extract cause of: You are trying to merge on object and int64 columns. If you wish to proceed you should use pd.concat'
'S-169';'Source S-169 failed to extract cause of: You are trying to merge on object and int64 columns. If you wish to proceed you should use pd.concat'
'S-170';'Source S-170 failed to extract cause of: You are trying to merge on object and int64 columns. If you wish to proceed you should use pd.concat'
'S-171';'Source S-171 failed to extract cause of: "[''Disaster New Displacements''] not in index"'
'S-182';'Source S-182 failed to extract cause of: There are duplicated countries in the defined dimension-subgroup dataframe.'
'S-183';'Source S-183 failed to extract cause of: The source has not provided any data  '
'S-191';'Source S-191 failed to extract cause of: list index out of range'
'S-192';'Source S-192 failed to extract cause of: [Errno 2] No such file or directory: ''config/2023/in/data/staging/S-192.xlsx'''
'S-195';'Source S-195 failed to extract cause of: division by zero'
'S-196';'Source S-196 failed to extract cause of: division by zero'
'S-212';'Source S-212 failed to extract cause of: [Errno 2] No such file or directory: ''config/2023/in/data/staging/S-212.xlsx'''
'S-213';'Source S-213 failed to extract cause of: Unable to parse string "VALUE WITHOUT MAPPING - PLEASE MAP" at position 0'
'S-214';'Source S-214 failed to extract cause of: [Errno 2] No such file or directory: ''config/2023/in/data/staging/S-214.xlsx'''
'S-215';'Source S-215 failed to extract cause of: [Errno 2] No such file or directory: ''config/2023/in/data/staging/S-215.xlsx'''
'S-217';'Source S-217 failed to extract cause of: [Errno 2] No such file or directory: ''config/2023/in/data/staging/S-217.xlsx'''
'S-11';'Source S-11 failed to extract cause of: ''[None] not in index'''
'S-14';'Source S-14 failed to extract cause of: [Errno 2] No such file or directory: ''config/2023/in/data/raw/S-21-total-HIZkLiYK.xlsx'''
'S-35';'Source S-35 failed to extract cause of: ''RAW_OBS_VALUE'''
'S-36';'Source S-36 failed to extract cause of: ''RAW_OBS_VALUE'''
'S-37';'Source S-37 failed to extract cause of: "[''sh_covered''] not in index"'
'S-51';'Source S-51 failed to extract cause of: [Errno 2] No such file or directory: ''config/2023/in/data/raw/S-60_FINAL-GSI-2018-DATA-G20-AND-FISHING-1597151668.xlsx'''
'S-97';'Source S-97 failed to extract cause of: ''[None] not in index'''
'S-101';'Source S-101 failed to extract cause of: ''[None] not in index'''
'S-117';'Source S-117 failed to extract cause of: ''[None] not in index'''
'S-136';'Source S-136 failed to extract cause of: [Errno 2] No such file or directory: ''config/2023/in/data/raw/S-153_ndc_content.csv'''
'S-142';'Source S-142 failed to extract cause of: Unable to parse string "false" at position 54'
'S-208';'Source S-208 failed to extract cause of: ''[None] not in index'''
